[2019-05-17T14:01:50.300] [ERROR] errorLogger - 
*************** error log start ***************
request method: POST
request originalUrl:  /user/login
request client ip:  ::ffff:127.0.0.1
request body: 
{}
response time: 3
err name: ReferenceError
err message: jwt is not defined
err stack: ReferenceError: jwt is not defined
    at router.post (C:\Users\snowman\Desktop\Learn\koa-demo\routes\api\router_user.js:7:17)
    at dispatch (C:\Users\snowman\Desktop\Learn\koa-demo\node_modules\koa-router\node_modules\koa-compose\index.js:44:32)
    at next (C:\Users\snowman\Desktop\Learn\koa-demo\node_modules\koa-router\node_modules\koa-compose\index.js:45:18)
    at C:\Users\snowman\Desktop\Learn\koa-demo\node_modules\koa-router\lib\router.js:346:16
    at dispatch (C:\Users\snowman\Desktop\Learn\koa-demo\node_modules\koa-router\node_modules\koa-compose\index.js:44:32)
    at next (C:\Users\snowman\Desktop\Learn\koa-demo\node_modules\koa-router\node_modules\koa-compose\index.js:45:18)
    at allowedMethods (C:\Users\snowman\Desktop\Learn\koa-demo\node_modules\koa-router\lib\router.js:407:12)
    at dispatch (C:\Users\snowman\Desktop\Learn\koa-demo\node_modules\koa-router\node_modules\koa-compose\index.js:44:32)
    at next (C:\Users\snowman\Desktop\Learn\koa-demo\node_modules\koa-router\node_modules\koa-compose\index.js:45:18)
    at C:\Users\snowman\Desktop\Learn\koa-demo\node_modules\koa-router\lib\router.js:346:16
*************** error log end ***************

[2019-05-17T14:04:07.745] [ERROR] errorLogger - 
*************** error log start ***************
request method: POST
request originalUrl:  /user/login?username=admin&password=admin
request client ip:  ::ffff:127.0.0.1
request body: 
{}
response time: 1
err name: TypeError
err message: Cannot read property 'body' of undefined
err stack: TypeError: Cannot read property 'body' of undefined
    at router.post (C:\Users\snowman\Desktop\Learn\koa-demo\routes\api\router_user.js:8:46)
    at dispatch (C:\Users\snowman\Desktop\Learn\koa-demo\node_modules\koa-router\node_modules\koa-compose\index.js:44:32)
    at next (C:\Users\snowman\Desktop\Learn\koa-demo\node_modules\koa-router\node_modules\koa-compose\index.js:45:18)
    at C:\Users\snowman\Desktop\Learn\koa-demo\node_modules\koa-router\lib\router.js:346:16
    at dispatch (C:\Users\snowman\Desktop\Learn\koa-demo\node_modules\koa-router\node_modules\koa-compose\index.js:44:32)
    at next (C:\Users\snowman\Desktop\Learn\koa-demo\node_modules\koa-router\node_modules\koa-compose\index.js:45:18)
    at allowedMethods (C:\Users\snowman\Desktop\Learn\koa-demo\node_modules\koa-router\lib\router.js:407:12)
    at dispatch (C:\Users\snowman\Desktop\Learn\koa-demo\node_modules\koa-router\node_modules\koa-compose\index.js:44:32)
    at next (C:\Users\snowman\Desktop\Learn\koa-demo\node_modules\koa-router\node_modules\koa-compose\index.js:45:18)
    at C:\Users\snowman\Desktop\Learn\koa-demo\node_modules\koa-router\lib\router.js:346:16
*************** error log end ***************

[2019-05-17T14:04:52.107] [ERROR] errorLogger - 
*************** error log start ***************
request method: POST
request originalUrl:  /user/login
request client ip:  ::ffff:127.0.0.1
request body: 
{"username":"admin","password":"admin"}
response time: 0
err name: TypeError
err message: Cannot read property 'body' of undefined
err stack: TypeError: Cannot read property 'body' of undefined
    at router.post (C:\Users\snowman\Desktop\Learn\koa-demo\routes\api\router_user.js:8:46)
    at dispatch (C:\Users\snowman\Desktop\Learn\koa-demo\node_modules\koa-router\node_modules\koa-compose\index.js:44:32)
    at next (C:\Users\snowman\Desktop\Learn\koa-demo\node_modules\koa-router\node_modules\koa-compose\index.js:45:18)
    at C:\Users\snowman\Desktop\Learn\koa-demo\node_modules\koa-router\lib\router.js:346:16
    at dispatch (C:\Users\snowman\Desktop\Learn\koa-demo\node_modules\koa-router\node_modules\koa-compose\index.js:44:32)
    at next (C:\Users\snowman\Desktop\Learn\koa-demo\node_modules\koa-router\node_modules\koa-compose\index.js:45:18)
    at allowedMethods (C:\Users\snowman\Desktop\Learn\koa-demo\node_modules\koa-router\lib\router.js:407:12)
    at dispatch (C:\Users\snowman\Desktop\Learn\koa-demo\node_modules\koa-router\node_modules\koa-compose\index.js:44:32)
    at next (C:\Users\snowman\Desktop\Learn\koa-demo\node_modules\koa-router\node_modules\koa-compose\index.js:45:18)
    at C:\Users\snowman\Desktop\Learn\koa-demo\node_modules\koa-router\lib\router.js:346:16
*************** error log end ***************

[2019-05-17T14:24:29.349] [ERROR] errorLogger - 
*************** error log start ***************
request method: GET
request originalUrl:  /open/company/42343242432
request client ip:  ::ffff:127.0.0.1
request query:  {}
response time: 2
err name: InternalServerError
err message: 你特么在逗我
err stack: InternalServerError: 你特么在逗我
    at Object.throw (C:\Users\snowman\Desktop\Learn\koa-demo\node_modules\koa\lib\context.js:97:11)
    at router.get (C:\Users\snowman\Desktop\Learn\koa-demo\routes\open\company.js:11:12)
    at dispatch (C:\Users\snowman\Desktop\Learn\koa-demo\node_modules\koa-router\node_modules\koa-compose\index.js:44:32)
    at next (C:\Users\snowman\Desktop\Learn\koa-demo\node_modules\koa-router\node_modules\koa-compose\index.js:45:18)
    at C:\Users\snowman\Desktop\Learn\koa-demo\node_modules\koa-router\lib\router.js:346:16
    at dispatch (C:\Users\snowman\Desktop\Learn\koa-demo\node_modules\koa-router\node_modules\koa-compose\index.js:44:32)
    at C:\Users\snowman\Desktop\Learn\koa-demo\node_modules\koa-router\node_modules\koa-compose\index.js:36:12
    at dispatch (C:\Users\snowman\Desktop\Learn\koa-demo\node_modules\koa-router\lib\router.js:351:31)
    at dispatch (C:\Users\snowman\Desktop\Learn\koa-demo\node_modules\koa-compose\index.js:42:32)
    at app.use (C:\Users\snowman\Desktop\Learn\koa-demo\app.js:62:11)
    at dispatch (C:\Users\snowman\Desktop\Learn\koa-demo\node_modules\koa-compose\index.js:42:32)
    at logger (C:\Users\snowman\Desktop\Learn\koa-demo\node_modules\koa-logger\index.js:50:12)
    at dispatch (C:\Users\snowman\Desktop\Learn\koa-demo\node_modules\koa-compose\index.js:42:32)
    at filter (C:\Users\snowman\Desktop\Learn\koa-demo\node_modules\koa-json\index.js:25:12)
    at dispatch (C:\Users\snowman\Desktop\Learn\koa-demo\node_modules\koa-compose\index.js:42:32)
    at C:\Users\snowman\Desktop\Learn\koa-demo\node_modules\koa-body\index.js:141:14
    at <anonymous>
    at process._tickCallback (internal/process/next_tick.js:189:7)
*************** error log end ***************

[2019-05-17T14:30:39.705] [ERROR] errorLogger - 
*************** error log start ***************
request method: POST
request originalUrl:  /user
request client ip:  ::ffff:127.0.0.1
request body: 
{"username":"admin","password":"123456"}
response time: 40
err name: TypeError
err message: t.json is not a function
err stack: TypeError: t.json is not a function
    at beforeUser.forEach.t (C:\Users\snowman\Desktop\Learn\koa-demo\routes\api\router_user.js:36:19)
    at Array.forEach (<anonymous>)
    at router.post (C:\Users\snowman\Desktop\Learn\koa-demo\routes\api\router_user.js:35:14)
    at <anonymous>
*************** error log end ***************

[2019-05-17T14:42:26.381] [ERROR] errorLogger - 
*************** error log start ***************
request method: GET
request originalUrl:  /user
request client ip:  ::ffff:127.0.0.1
request query:  {}
response time: 12
err name: Error
err message: Invalid value { '$like': 'undefined%' }
err stack: Error: Invalid value { '$like': 'undefined%' }
    at Object.escape (C:\Users\snowman\Desktop\Learn\koa-demo\node_modules\sequelize\lib\sql-string.js:65:11)
    at MySQLQueryGenerator.escape (C:\Users\snowman\Desktop\Learn\koa-demo\node_modules\sequelize\lib\dialects\abstract\query-generator.js:964:22)
    at MySQLQueryGenerator._whereParseSingleValueObject (C:\Users\snowman\Desktop\Learn\koa-demo\node_modules\sequelize\lib\dialects\abstract\query-generator.js:2431:41)
    at MySQLQueryGenerator.whereItemQuery (C:\Users\snowman\Desktop\Learn\koa-demo\node_modules\sequelize\lib\dialects\abstract\query-generator.js:2149:19)
    at Utils.getComplexKeys.forEach.prop (C:\Users\snowman\Desktop\Learn\koa-demo\node_modules\sequelize\lib\dialects\abstract\query-generator.js:2048:25)
    at Array.forEach (<anonymous>)
    at MySQLQueryGenerator.whereItemsQuery (C:\Users\snowman\Desktop\Learn\koa-demo\node_modules\sequelize\lib\dialects\abstract\query-generator.js:2046:35)
    at MySQLQueryGenerator.getWhereConditions (C:\Users\snowman\Desktop\Learn\koa-demo\node_modules\sequelize\lib\dialects\abstract\query-generator.js:2458:19)
    at MySQLQueryGenerator.selectQuery (C:\Users\snowman\Desktop\Learn\koa-demo\node_modules\sequelize\lib\dialects\abstract\query-generator.js:1279:28)
    at QueryInterface.select (C:\Users\snowman\Desktop\Learn\koa-demo\node_modules\sequelize\lib\query-interface.js:1120:27)
    at Promise.try.then.then.then (C:\Users\snowman\Desktop\Learn\koa-demo\node_modules\sequelize\lib\model.js:1748:34)
    at tryCatcher (C:\Users\snowman\Desktop\Learn\koa-demo\node_modules\bluebird\js\release\util.js:16:23)
    at Promise._settlePromiseFromHandler (C:\Users\snowman\Desktop\Learn\koa-demo\node_modules\bluebird\js\release\promise.js:512:31)
    at Promise._settlePromise (C:\Users\snowman\Desktop\Learn\koa-demo\node_modules\bluebird\js\release\promise.js:569:18)
    at Promise._settlePromise0 (C:\Users\snowman\Desktop\Learn\koa-demo\node_modules\bluebird\js\release\promise.js:614:10)
    at Promise._settlePromises (C:\Users\snowman\Desktop\Learn\koa-demo\node_modules\bluebird\js\release\promise.js:694:18)
    at _drainQueueStep (C:\Users\snowman\Desktop\Learn\koa-demo\node_modules\bluebird\js\release\async.js:138:12)
    at _drainQueue (C:\Users\snowman\Desktop\Learn\koa-demo\node_modules\bluebird\js\release\async.js:131:9)
    at Async._drainQueues (C:\Users\snowman\Desktop\Learn\koa-demo\node_modules\bluebird\js\release\async.js:147:5)
    at Immediate.Async.drainQueues (C:\Users\snowman\Desktop\Learn\koa-demo\node_modules\bluebird\js\release\async.js:17:14)
    at runCallback (timers.js:810:20)
    at tryOnImmediate (timers.js:768:5)
*************** error log end ***************

[2019-05-17T14:43:27.253] [ERROR] errorLogger - 
*************** error log start ***************
request method: GET
request originalUrl:  /user
request client ip:  ::ffff:127.0.0.1
request query:  {}
response time: 9
err name: Error
err message: Invalid value { '$like': '%' }
err stack: Error: Invalid value { '$like': '%' }
    at Object.escape (C:\Users\snowman\Desktop\Learn\koa-demo\node_modules\sequelize\lib\sql-string.js:65:11)
    at MySQLQueryGenerator.escape (C:\Users\snowman\Desktop\Learn\koa-demo\node_modules\sequelize\lib\dialects\abstract\query-generator.js:964:22)
    at MySQLQueryGenerator._whereParseSingleValueObject (C:\Users\snowman\Desktop\Learn\koa-demo\node_modules\sequelize\lib\dialects\abstract\query-generator.js:2431:41)
    at MySQLQueryGenerator.whereItemQuery (C:\Users\snowman\Desktop\Learn\koa-demo\node_modules\sequelize\lib\dialects\abstract\query-generator.js:2149:19)
    at Utils.getComplexKeys.forEach.prop (C:\Users\snowman\Desktop\Learn\koa-demo\node_modules\sequelize\lib\dialects\abstract\query-generator.js:2048:25)
    at Array.forEach (<anonymous>)
    at MySQLQueryGenerator.whereItemsQuery (C:\Users\snowman\Desktop\Learn\koa-demo\node_modules\sequelize\lib\dialects\abstract\query-generator.js:2046:35)
    at MySQLQueryGenerator.getWhereConditions (C:\Users\snowman\Desktop\Learn\koa-demo\node_modules\sequelize\lib\dialects\abstract\query-generator.js:2458:19)
    at MySQLQueryGenerator.selectQuery (C:\Users\snowman\Desktop\Learn\koa-demo\node_modules\sequelize\lib\dialects\abstract\query-generator.js:1279:28)
    at QueryInterface.select (C:\Users\snowman\Desktop\Learn\koa-demo\node_modules\sequelize\lib\query-interface.js:1120:27)
    at Promise.try.then.then.then (C:\Users\snowman\Desktop\Learn\koa-demo\node_modules\sequelize\lib\model.js:1748:34)
    at tryCatcher (C:\Users\snowman\Desktop\Learn\koa-demo\node_modules\bluebird\js\release\util.js:16:23)
    at Promise._settlePromiseFromHandler (C:\Users\snowman\Desktop\Learn\koa-demo\node_modules\bluebird\js\release\promise.js:512:31)
    at Promise._settlePromise (C:\Users\snowman\Desktop\Learn\koa-demo\node_modules\bluebird\js\release\promise.js:569:18)
    at Promise._settlePromise0 (C:\Users\snowman\Desktop\Learn\koa-demo\node_modules\bluebird\js\release\promise.js:614:10)
    at Promise._settlePromises (C:\Users\snowman\Desktop\Learn\koa-demo\node_modules\bluebird\js\release\promise.js:694:18)
    at _drainQueueStep (C:\Users\snowman\Desktop\Learn\koa-demo\node_modules\bluebird\js\release\async.js:138:12)
    at _drainQueue (C:\Users\snowman\Desktop\Learn\koa-demo\node_modules\bluebird\js\release\async.js:131:9)
    at Async._drainQueues (C:\Users\snowman\Desktop\Learn\koa-demo\node_modules\bluebird\js\release\async.js:147:5)
    at Immediate.Async.drainQueues (C:\Users\snowman\Desktop\Learn\koa-demo\node_modules\bluebird\js\release\async.js:17:14)
    at runCallback (timers.js:810:20)
    at tryOnImmediate (timers.js:768:5)
*************** error log end ***************

[2019-05-17T14:58:47.447] [ERROR] errorLogger - 
*************** error log start ***************
request method: GET
request originalUrl:  /user
request client ip:  ::ffff:127.0.0.1
request query:  {}
response time: 11
err name: Error
err message: Invalid value { '$like': '%' }
err stack: Error: Invalid value { '$like': '%' }
    at Object.escape (C:\Users\snowman\Desktop\Learn\koa-demo\node_modules\sequelize\lib\sql-string.js:65:11)
    at MySQLQueryGenerator.escape (C:\Users\snowman\Desktop\Learn\koa-demo\node_modules\sequelize\lib\dialects\abstract\query-generator.js:964:22)
    at MySQLQueryGenerator._whereParseSingleValueObject (C:\Users\snowman\Desktop\Learn\koa-demo\node_modules\sequelize\lib\dialects\abstract\query-generator.js:2431:41)
    at MySQLQueryGenerator.whereItemQuery (C:\Users\snowman\Desktop\Learn\koa-demo\node_modules\sequelize\lib\dialects\abstract\query-generator.js:2149:19)
    at Utils.getComplexKeys.forEach.prop (C:\Users\snowman\Desktop\Learn\koa-demo\node_modules\sequelize\lib\dialects\abstract\query-generator.js:2048:25)
    at Array.forEach (<anonymous>)
    at MySQLQueryGenerator.whereItemsQuery (C:\Users\snowman\Desktop\Learn\koa-demo\node_modules\sequelize\lib\dialects\abstract\query-generator.js:2046:35)
    at MySQLQueryGenerator.getWhereConditions (C:\Users\snowman\Desktop\Learn\koa-demo\node_modules\sequelize\lib\dialects\abstract\query-generator.js:2458:19)
    at MySQLQueryGenerator.selectQuery (C:\Users\snowman\Desktop\Learn\koa-demo\node_modules\sequelize\lib\dialects\abstract\query-generator.js:1279:28)
    at QueryInterface.select (C:\Users\snowman\Desktop\Learn\koa-demo\node_modules\sequelize\lib\query-interface.js:1120:27)
    at Promise.try.then.then.then (C:\Users\snowman\Desktop\Learn\koa-demo\node_modules\sequelize\lib\model.js:1748:34)
    at tryCatcher (C:\Users\snowman\Desktop\Learn\koa-demo\node_modules\bluebird\js\release\util.js:16:23)
    at Promise._settlePromiseFromHandler (C:\Users\snowman\Desktop\Learn\koa-demo\node_modules\bluebird\js\release\promise.js:512:31)
    at Promise._settlePromise (C:\Users\snowman\Desktop\Learn\koa-demo\node_modules\bluebird\js\release\promise.js:569:18)
    at Promise._settlePromise0 (C:\Users\snowman\Desktop\Learn\koa-demo\node_modules\bluebird\js\release\promise.js:614:10)
    at Promise._settlePromises (C:\Users\snowman\Desktop\Learn\koa-demo\node_modules\bluebird\js\release\promise.js:694:18)
    at _drainQueueStep (C:\Users\snowman\Desktop\Learn\koa-demo\node_modules\bluebird\js\release\async.js:138:12)
    at _drainQueue (C:\Users\snowman\Desktop\Learn\koa-demo\node_modules\bluebird\js\release\async.js:131:9)
    at Async._drainQueues (C:\Users\snowman\Desktop\Learn\koa-demo\node_modules\bluebird\js\release\async.js:147:5)
    at Immediate.Async.drainQueues (C:\Users\snowman\Desktop\Learn\koa-demo\node_modules\bluebird\js\release\async.js:17:14)
    at runCallback (timers.js:810:20)
    at tryOnImmediate (timers.js:768:5)
*************** error log end ***************

[2019-05-17T14:59:09.105] [ERROR] errorLogger - 
*************** error log start ***************
request method: GET
request originalUrl:  /user
request client ip:  ::ffff:127.0.0.1
request query:  {}
response time: 9
err name: Error
err message: Invalid value { '$like': '%null' }
err stack: Error: Invalid value { '$like': '%null' }
    at Object.escape (C:\Users\snowman\Desktop\Learn\koa-demo\node_modules\sequelize\lib\sql-string.js:65:11)
    at MySQLQueryGenerator.escape (C:\Users\snowman\Desktop\Learn\koa-demo\node_modules\sequelize\lib\dialects\abstract\query-generator.js:964:22)
    at MySQLQueryGenerator._whereParseSingleValueObject (C:\Users\snowman\Desktop\Learn\koa-demo\node_modules\sequelize\lib\dialects\abstract\query-generator.js:2431:41)
    at MySQLQueryGenerator.whereItemQuery (C:\Users\snowman\Desktop\Learn\koa-demo\node_modules\sequelize\lib\dialects\abstract\query-generator.js:2149:19)
    at Utils.getComplexKeys.forEach.prop (C:\Users\snowman\Desktop\Learn\koa-demo\node_modules\sequelize\lib\dialects\abstract\query-generator.js:2048:25)
    at Array.forEach (<anonymous>)
    at MySQLQueryGenerator.whereItemsQuery (C:\Users\snowman\Desktop\Learn\koa-demo\node_modules\sequelize\lib\dialects\abstract\query-generator.js:2046:35)
    at MySQLQueryGenerator.getWhereConditions (C:\Users\snowman\Desktop\Learn\koa-demo\node_modules\sequelize\lib\dialects\abstract\query-generator.js:2458:19)
    at MySQLQueryGenerator.selectQuery (C:\Users\snowman\Desktop\Learn\koa-demo\node_modules\sequelize\lib\dialects\abstract\query-generator.js:1279:28)
    at QueryInterface.select (C:\Users\snowman\Desktop\Learn\koa-demo\node_modules\sequelize\lib\query-interface.js:1120:27)
    at Promise.try.then.then.then (C:\Users\snowman\Desktop\Learn\koa-demo\node_modules\sequelize\lib\model.js:1748:34)
    at tryCatcher (C:\Users\snowman\Desktop\Learn\koa-demo\node_modules\bluebird\js\release\util.js:16:23)
    at Promise._settlePromiseFromHandler (C:\Users\snowman\Desktop\Learn\koa-demo\node_modules\bluebird\js\release\promise.js:512:31)
    at Promise._settlePromise (C:\Users\snowman\Desktop\Learn\koa-demo\node_modules\bluebird\js\release\promise.js:569:18)
    at Promise._settlePromise0 (C:\Users\snowman\Desktop\Learn\koa-demo\node_modules\bluebird\js\release\promise.js:614:10)
    at Promise._settlePromises (C:\Users\snowman\Desktop\Learn\koa-demo\node_modules\bluebird\js\release\promise.js:694:18)
    at _drainQueueStep (C:\Users\snowman\Desktop\Learn\koa-demo\node_modules\bluebird\js\release\async.js:138:12)
    at _drainQueue (C:\Users\snowman\Desktop\Learn\koa-demo\node_modules\bluebird\js\release\async.js:131:9)
    at Async._drainQueues (C:\Users\snowman\Desktop\Learn\koa-demo\node_modules\bluebird\js\release\async.js:147:5)
    at Immediate.Async.drainQueues (C:\Users\snowman\Desktop\Learn\koa-demo\node_modules\bluebird\js\release\async.js:17:14)
    at runCallback (timers.js:810:20)
    at tryOnImmediate (timers.js:768:5)
*************** error log end ***************

[2019-05-17T14:59:33.194] [ERROR] errorLogger - 
*************** error log start ***************
request method: GET
request originalUrl:  /user
request client ip:  ::ffff:127.0.0.1
request query:  {}
response time: 10
err name: Error
err message: Invalid value { '$like': '% ' }
err stack: Error: Invalid value { '$like': '% ' }
    at Object.escape (C:\Users\snowman\Desktop\Learn\koa-demo\node_modules\sequelize\lib\sql-string.js:65:11)
    at MySQLQueryGenerator.escape (C:\Users\snowman\Desktop\Learn\koa-demo\node_modules\sequelize\lib\dialects\abstract\query-generator.js:964:22)
    at MySQLQueryGenerator._whereParseSingleValueObject (C:\Users\snowman\Desktop\Learn\koa-demo\node_modules\sequelize\lib\dialects\abstract\query-generator.js:2431:41)
    at MySQLQueryGenerator.whereItemQuery (C:\Users\snowman\Desktop\Learn\koa-demo\node_modules\sequelize\lib\dialects\abstract\query-generator.js:2149:19)
    at Utils.getComplexKeys.forEach.prop (C:\Users\snowman\Desktop\Learn\koa-demo\node_modules\sequelize\lib\dialects\abstract\query-generator.js:2048:25)
    at Array.forEach (<anonymous>)
    at MySQLQueryGenerator.whereItemsQuery (C:\Users\snowman\Desktop\Learn\koa-demo\node_modules\sequelize\lib\dialects\abstract\query-generator.js:2046:35)
    at MySQLQueryGenerator.getWhereConditions (C:\Users\snowman\Desktop\Learn\koa-demo\node_modules\sequelize\lib\dialects\abstract\query-generator.js:2458:19)
    at MySQLQueryGenerator.selectQuery (C:\Users\snowman\Desktop\Learn\koa-demo\node_modules\sequelize\lib\dialects\abstract\query-generator.js:1279:28)
    at QueryInterface.select (C:\Users\snowman\Desktop\Learn\koa-demo\node_modules\sequelize\lib\query-interface.js:1120:27)
    at Promise.try.then.then.then (C:\Users\snowman\Desktop\Learn\koa-demo\node_modules\sequelize\lib\model.js:1748:34)
    at tryCatcher (C:\Users\snowman\Desktop\Learn\koa-demo\node_modules\bluebird\js\release\util.js:16:23)
    at Promise._settlePromiseFromHandler (C:\Users\snowman\Desktop\Learn\koa-demo\node_modules\bluebird\js\release\promise.js:512:31)
    at Promise._settlePromise (C:\Users\snowman\Desktop\Learn\koa-demo\node_modules\bluebird\js\release\promise.js:569:18)
    at Promise._settlePromise0 (C:\Users\snowman\Desktop\Learn\koa-demo\node_modules\bluebird\js\release\promise.js:614:10)
    at Promise._settlePromises (C:\Users\snowman\Desktop\Learn\koa-demo\node_modules\bluebird\js\release\promise.js:694:18)
    at _drainQueueStep (C:\Users\snowman\Desktop\Learn\koa-demo\node_modules\bluebird\js\release\async.js:138:12)
    at _drainQueue (C:\Users\snowman\Desktop\Learn\koa-demo\node_modules\bluebird\js\release\async.js:131:9)
    at Async._drainQueues (C:\Users\snowman\Desktop\Learn\koa-demo\node_modules\bluebird\js\release\async.js:147:5)
    at Immediate.Async.drainQueues (C:\Users\snowman\Desktop\Learn\koa-demo\node_modules\bluebird\js\release\async.js:17:14)
    at runCallback (timers.js:810:20)
    at tryOnImmediate (timers.js:768:5)
*************** error log end ***************

